<?xml version="1.0" encoding="UTF-8"?>
<testng-results ignored="0" total="1" passed="1" failed="0" skipped="0">
  <reporter-output>
  </reporter-output>
  <suite started-at="2021-07-30T01:09:21 EDT" name="Default suite" finished-at="2021-07-30T01:09:29 EDT" duration-ms="7576">
    <groups>
    </groups>
    <test started-at="2021-07-30T01:09:21 EDT" name="Default test" finished-at="2021-07-30T01:09:29 EDT" duration-ms="7576">
      <class name="Tests.LoginTest">
        <test-method is-config="true" signature="setup()[pri:0, instance:Tests.LoginTest@67080771]" started-at="2021-07-30T01:09:21 EDT" name="setup" finished-at="2021-07-30T01:09:27 EDT" duration-ms="5354" status="PASS">
          <reporter-output>
          </reporter-output>
        </test-method> <!-- setup -->
        <test-method signature="testlogin()[pri:0, instance:Tests.LoginTest@67080771]" started-at="2021-07-30T01:09:27 EDT" name="testlogin" finished-at="2021-07-30T01:09:29 EDT" duration-ms="2151" status="PASS">
          <reporter-output>
          </reporter-output>
        </test-method> <!-- testlogin -->
      </class> <!-- Tests.LoginTest -->
    </test> <!-- Default test -->
  </suite> <!-- Default suite -->
</testng-results>
